<?xml version="1.0" encoding="UTF-8"?>
<!-- Generated by org.testng.reporters.JUnitReportReporter -->
<testsuite hostname="JankiRaghuram" failures="0" tests="2" name="TestScripts.DemoTest" time="10.148" errors="0" timestamp="17 Feb 2021 07:30:18 GMT" skipped="0">
  <testcase classname="TestScripts.DemoTest" name="flightes" time="7.622"/>
  <testcase classname="TestScripts.DemoTest" name="flightes" time="2.526"/>
</testsuite> <!-- TestScripts.DemoTest -->
